Using pre-set license
Built from '2020.3/staging' branch; Version is '2020.3.0f1 (c7b5465681fb) revision 13088070'; Using compiler version '192528614'; Build Type 'Release'
OS: 'Windows 10 Home; OS build 19042.1526; Version 2009; 64bit' Language: 'en' Physical Memory: 12169 MB
BatchMode: 1, IsHumanControllingUs: 0, StartBugReporterOnCrash: 0, Is64bit: 1, IsPro: 0

 COMMAND LINE ARGUMENTS:
D:\Program Files\2020.3.0f1\Editor\Unity.exe
-adb2
-batchMode
-noUpm
-name
AssetImportWorker0
-projectPath
D:/GitHub/Sneaky-Box/Sneaky Box
-logFile
Logs/AssetImportWorker0.log
-srvPort
53484
Successfully changed project path to: D:/GitHub/Sneaky-Box/Sneaky Box
D:/GitHub/Sneaky-Box/Sneaky Box
Using Asset Import Pipeline V2.
Refreshing native plugins compatible for Editor in 25.52 ms, found 0 plugins.
Preloading 0 native plugins for Editor in 0.00 ms.
Initialize engine version: 2020.3.0f1 (c7b5465681fb)
[Subsystems] Discovering subsystems at path D:/Program Files/2020.3.0f1/Editor/Data/Resources/UnitySubsystems
[Subsystems] Discovering subsystems at path D:/GitHub/Sneaky-Box/Sneaky Box/Assets
GfxDevice: creating device client; threaded=0
Direct3D:
    Version:  Direct3D 11.0 [level 11.1]
    Renderer: NVIDIA GeForce MX150 (ID=0x1d10)
    Vendor:   
    VRAM:     4027 MB
    Driver:   30.0.14.7219
Initialize mono
Mono path[0] = 'D:/Program Files/2020.3.0f1/Editor/Data/Managed'
Mono path[1] = 'D:/Program Files/2020.3.0f1/Editor/Data/MonoBleedingEdge/lib/mono/unityjit'
Mono config path = 'D:/Program Files/2020.3.0f1/Editor/Data/MonoBleedingEdge/etc'
Using monoOptions --debugger-agent=transport=dt_socket,embedding=1,server=y,suspend=n,address=127.0.0.1:56576
Begin MonoManager ReloadAssembly
Registering precompiled unity dll's ...
Register platform support module: D:/Program Files/2020.3.0f1/Editor/Data/PlaybackEngines/WindowsStandaloneSupport/UnityEditor.WindowsStandalone.Extensions.dll
Registered in 0.004814 seconds.
Native extension for WindowsStandalone target not found
Refreshing native plugins compatible for Editor in 25.28 ms, found 0 plugins.
Preloading 0 native plugins for Editor in 0.00 ms.
Invoked RoslynAnalysisRunner static constructor.
RoslynAnalysisRunner will not be running.
RoslynAnalysisRunner has terminated.
Mono: successfully reloaded assembly
- Completed reload, in  1.431 seconds
Platform modules already initialized, skipping
Registering precompiled user dll's ...
Registered in 0.001229 seconds.
Begin MonoManager ReloadAssembly
Native extension for WindowsStandalone target not found
Refreshing native plugins compatible for Editor in 0.23 ms, found 0 plugins.
Preloading 0 native plugins for Editor in 0.00 ms.
Invoked RoslynAnalysisRunner static constructor.
RoslynAnalysisRunner will not be running.
RoslynAnalysisRunner has terminated.
Mono: successfully reloaded assembly
- Completed reload, in  0.966 seconds
Platform modules already initialized, skipping
========================================================================
Worker process is ready to serve import requests
Launched and connected shader compiler UnityShaderCompiler.exe after 0.06 seconds
Refreshing native plugins compatible for Editor in 0.31 ms, found 0 plugins.
Preloading 0 native plugins for Editor in 0.00 ms.
Unloading 1261 Unused Serialized files (Serialized files now loaded: 0)
System memory in use before: 73.5 MB.
System memory in use after: 73.6 MB.

Unloading 11 unused Assets to reduce memory usage. Loaded Objects now: 1718.
Total: 1.948700 ms (FindLiveObjects: 0.216400 ms CreateObjectMapping: 0.142600 ms MarkObjects: 1.455200 ms  DeleteObjects: 0.133300 ms)

========================================================================
Received Import Request.
  path: Assets/Game Objects/Box Creacher.prefab
  artifactKey: Guid(511d33cdbc37ac34f92d3cd385062550) Importer(815301076,1909f56bfc062723c751e8b465ee728b)
Start importing Assets/Game Objects/Box Creacher.prefab using Guid(511d33cdbc37ac34f92d3cd385062550) Importer(815301076,1909f56bfc062723c751e8b465ee728b)  -> (artifact id: 'ad480f4e09cfcb8a7c31bed46f169e5c') in 0.253028 seconds
  Import took 0.255626 seconds .

========================================================================
Received Import Request.
  Time since last request: 8.810662 seconds.
  path: Assets/Game Objects/Box Creacher.prefab
  artifactKey: Guid(511d33cdbc37ac34f92d3cd385062550) Importer(815301076,1909f56bfc062723c751e8b465ee728b)
Start importing Assets/Game Objects/Box Creacher.prefab using Guid(511d33cdbc37ac34f92d3cd385062550) Importer(815301076,1909f56bfc062723c751e8b465ee728b)  -> (artifact id: '59a8bb055c07fa595c5ddf5fad9b0749') in 0.030139 seconds
  Import took 0.032825 seconds .

========================================================================
Received Import Request.
  Time since last request: 28.977852 seconds.
  path: Assets/Game Objects/Box Creacher.prefab
  artifactKey: Guid(511d33cdbc37ac34f92d3cd385062550) Importer(815301076,1909f56bfc062723c751e8b465ee728b)
Start importing Assets/Game Objects/Box Creacher.prefab using Guid(511d33cdbc37ac34f92d3cd385062550) Importer(815301076,1909f56bfc062723c751e8b465ee728b)  -> (artifact id: '70ad793ed81dc4a5b897bbb627337bab') in 0.026880 seconds
  Import took 0.029870 seconds .

========================================================================
Received Import Request.
  Time since last request: 16.115860 seconds.
  path: Assets/Game Objects/Box Creacher.prefab
  artifactKey: Guid(511d33cdbc37ac34f92d3cd385062550) Importer(815301076,1909f56bfc062723c751e8b465ee728b)
Start importing Assets/Game Objects/Box Creacher.prefab using Guid(511d33cdbc37ac34f92d3cd385062550) Importer(815301076,1909f56bfc062723c751e8b465ee728b)  -> (artifact id: 'c4d5a9965db299fe0682d3ebcb1b6c39') in 0.023501 seconds
  Import took 0.026384 seconds .

========================================================================
Received Import Request.
  Time since last request: 12.503668 seconds.
  path: Assets/Game Objects/Box Creacher.prefab
  artifactKey: Guid(511d33cdbc37ac34f92d3cd385062550) Importer(815301076,1909f56bfc062723c751e8b465ee728b)
Start importing Assets/Game Objects/Box Creacher.prefab using Guid(511d33cdbc37ac34f92d3cd385062550) Importer(815301076,1909f56bfc062723c751e8b465ee728b)  -> (artifact id: 'd3dce75195561c24e2e7ac01c7bef31d') in 0.023977 seconds
  Import took 0.026742 seconds .

========================================================================
Received Import Request.
  Time since last request: 6.268953 seconds.
  path: Assets/Game Objects/Box Creacher.prefab
  artifactKey: Guid(511d33cdbc37ac34f92d3cd385062550) Importer(815301076,1909f56bfc062723c751e8b465ee728b)
Start importing Assets/Game Objects/Box Creacher.prefab using Guid(511d33cdbc37ac34f92d3cd385062550) Importer(815301076,1909f56bfc062723c751e8b465ee728b)  -> (artifact id: '6b7c453649609daa99c57a25fe4e2f3f') in 0.027088 seconds
  Import took 0.030801 seconds .

========================================================================
Received Import Request.
  Time since last request: 106.113930 seconds.
  path: Assets/Game Objects/Box Creacher.prefab
  artifactKey: Guid(511d33cdbc37ac34f92d3cd385062550) Importer(815301076,1909f56bfc062723c751e8b465ee728b)
Start importing Assets/Game Objects/Box Creacher.prefab using Guid(511d33cdbc37ac34f92d3cd385062550) Importer(815301076,1909f56bfc062723c751e8b465ee728b)  -> (artifact id: '5ce4e5991d56d46baf9fb00f6c8d105a') in 0.019805 seconds
  Import took 0.022984 seconds .

========================================================================
Received Import Request.
  Time since last request: 42.816823 seconds.
  path: Assets/Game Objects/Box Creacher.prefab
  artifactKey: Guid(511d33cdbc37ac34f92d3cd385062550) Importer(815301076,1909f56bfc062723c751e8b465ee728b)
Start importing Assets/Game Objects/Box Creacher.prefab using Guid(511d33cdbc37ac34f92d3cd385062550) Importer(815301076,1909f56bfc062723c751e8b465ee728b)  -> (artifact id: '7c08fa79fa27890644969fc55f6f0aa9') in 0.015810 seconds
  Import took 0.019673 seconds .

========================================================================
Received Import Request.
  Time since last request: 32.545607 seconds.
  path: Assets/Game Objects/Box Creacher.prefab
  artifactKey: Guid(511d33cdbc37ac34f92d3cd385062550) Importer(815301076,1909f56bfc062723c751e8b465ee728b)
Start importing Assets/Game Objects/Box Creacher.prefab using Guid(511d33cdbc37ac34f92d3cd385062550) Importer(815301076,1909f56bfc062723c751e8b465ee728b)  -> (artifact id: '04555d0a9cd2274943fcb57a9781d910') in 0.016742 seconds
  Import took 0.021276 seconds .

========================================================================
Received Import Request.
  Time since last request: 58.874105 seconds.
  path: Assets/Scripts/BoxMovement.cs
  artifactKey: Guid(415126314ded1834bbffe1df565c26b0) Importer(815301076,1909f56bfc062723c751e8b465ee728b)
Start importing Assets/Scripts/BoxMovement.cs using Guid(415126314ded1834bbffe1df565c26b0) Importer(815301076,1909f56bfc062723c751e8b465ee728b)  -> (artifact id: '24c95a9612b55812e93b15a910a958ba') in 0.065781 seconds
  Import took 0.068048 seconds .

========================================================================
Received Import Request.
  Time since last request: 5.694026 seconds.
  path: Assets/Game Objects/Box Creacher.prefab
  artifactKey: Guid(511d33cdbc37ac34f92d3cd385062550) Importer(815301076,1909f56bfc062723c751e8b465ee728b)
Start importing Assets/Game Objects/Box Creacher.prefab using Guid(511d33cdbc37ac34f92d3cd385062550) Importer(815301076,1909f56bfc062723c751e8b465ee728b)  -> (artifact id: '894b8203450c57a07e233f602769e028') in 0.016036 seconds
  Import took 0.019104 seconds .

========================================================================
Received Prepare
Registering precompiled user dll's ...
Registered in 0.001330 seconds.
Begin MonoManager ReloadAssembly
Native extension for WindowsStandalone target not found
Refreshing native plugins compatible for Editor in 0.23 ms, found 0 plugins.
Preloading 0 native plugins for Editor in 0.00 ms.
Invoked RoslynAnalysisRunner static constructor.
RoslynAnalysisRunner will not be running.
RoslynAnalysisRunner has terminated.
Mono: successfully reloaded assembly
- Completed reload, in  0.887 seconds
Platform modules already initialized, skipping
Refreshing native plugins compatible for Editor in 0.23 ms, found 0 plugins.
Preloading 0 native plugins for Editor in 0.00 ms.
Unloading 1256 Unused Serialized files (Serialized files now loaded: 0)
System memory in use before: 76.7 MB.
System memory in use after: 76.7 MB.

Unloading 7 unused Assets to reduce memory usage. Loaded Objects now: 1731.
Total: 1.908900 ms (FindLiveObjects: 0.186900 ms CreateObjectMapping: 0.042500 ms MarkObjects: 1.562900 ms  DeleteObjects: 0.115100 ms)

========================================================================
Received Prepare
Registering precompiled user dll's ...
Registered in 0.001766 seconds.
Begin MonoManager ReloadAssembly
Native extension for WindowsStandalone target not found
Refreshing native plugins compatible for Editor in 0.49 ms, found 0 plugins.
Preloading 0 native plugins for Editor in 0.00 ms.
Invoked RoslynAnalysisRunner static constructor.
RoslynAnalysisRunner will not be running.
RoslynAnalysisRunner has terminated.
Mono: successfully reloaded assembly
- Completed reload, in  1.051 seconds
Platform modules already initialized, skipping
Refreshing native plugins compatible for Editor in 0.26 ms, found 0 plugins.
Preloading 0 native plugins for Editor in 0.00 ms.
Unloading 1255 Unused Serialized files (Serialized files now loaded: 0)
System memory in use before: 76.6 MB.
System memory in use after: 76.7 MB.

Unloading 6 unused Assets to reduce memory usage. Loaded Objects now: 1734.
Total: 2.723900 ms (FindLiveObjects: 0.264200 ms CreateObjectMapping: 0.075700 ms MarkObjects: 2.264700 ms  DeleteObjects: 0.117000 ms)

========================================================================
Received Import Request.
  Time since last request: 678.698117 seconds.
  path: Assets/Scripts/BoxMovement.cs
  artifactKey: Guid(415126314ded1834bbffe1df565c26b0) Importer(815301076,1909f56bfc062723c751e8b465ee728b)
Start importing Assets/Scripts/BoxMovement.cs using Guid(415126314ded1834bbffe1df565c26b0) Importer(815301076,1909f56bfc062723c751e8b465ee728b)  -> (artifact id: '3375ecc7be6b8071e49d02436e47e818') in 0.006380 seconds
  Import took 0.008974 seconds .

========================================================================
Received Prepare
Registering precompiled user dll's ...
Registered in 0.001227 seconds.
Begin MonoManager ReloadAssembly
Native extension for WindowsStandalone target not found
Refreshing native plugins compatible for Editor in 0.28 ms, found 0 plugins.
Preloading 0 native plugins for Editor in 0.00 ms.
Invoked RoslynAnalysisRunner static constructor.
RoslynAnalysisRunner will not be running.
RoslynAnalysisRunner has terminated.
Mono: successfully reloaded assembly
- Completed reload, in  1.076 seconds
Platform modules already initialized, skipping
Refreshing native plugins compatible for Editor in 0.32 ms, found 0 plugins.
Preloading 0 native plugins for Editor in 0.00 ms.
Unloading 1255 Unused Serialized files (Serialized files now loaded: 0)
System memory in use before: 76.7 MB.
System memory in use after: 76.7 MB.

Unloading 6 unused Assets to reduce memory usage. Loaded Objects now: 1737.
Total: 2.854700 ms (FindLiveObjects: 0.315700 ms CreateObjectMapping: 0.071100 ms MarkObjects: 2.370500 ms  DeleteObjects: 0.095400 ms)

========================================================================
Received Prepare
Registering precompiled user dll's ...
Registered in 0.001439 seconds.
Begin MonoManager ReloadAssembly
Native extension for WindowsStandalone target not found
Refreshing native plugins compatible for Editor in 0.67 ms, found 0 plugins.
Preloading 0 native plugins for Editor in 0.00 ms.
Invoked RoslynAnalysisRunner static constructor.
RoslynAnalysisRunner will not be running.
RoslynAnalysisRunner has terminated.
Mono: successfully reloaded assembly
- Completed reload, in  1.578 seconds
Platform modules already initialized, skipping
Refreshing native plugins compatible for Editor in 0.28 ms, found 0 plugins.
Preloading 0 native plugins for Editor in 0.00 ms.
Unloading 1255 Unused Serialized files (Serialized files now loaded: 0)
System memory in use before: 76.7 MB.
System memory in use after: 76.7 MB.

Unloading 6 unused Assets to reduce memory usage. Loaded Objects now: 1740.
Total: 6.803900 ms (FindLiveObjects: 0.377500 ms CreateObjectMapping: 0.155000 ms MarkObjects: 6.134200 ms  DeleteObjects: 0.134300 ms)

========================================================================
Received Import Request.
  Time since last request: 899.272653 seconds.
  path: Assets/Scripts/BoxMovement.cs
  artifactKey: Guid(415126314ded1834bbffe1df565c26b0) Importer(815301076,1909f56bfc062723c751e8b465ee728b)
Start importing Assets/Scripts/BoxMovement.cs using Guid(415126314ded1834bbffe1df565c26b0) Importer(815301076,1909f56bfc062723c751e8b465ee728b)  -> (artifact id: '0f8b407a61160b81065c7ebb7cd1f400') in 0.008077 seconds
  Import took 0.010860 seconds .

========================================================================
Received Import Request.
  Time since last request: 0.001947 seconds.
  path: Assets/Scripts/BoxMovement.cs
  artifactKey: Guid(415126314ded1834bbffe1df565c26b0) Importer(815301076,1909f56bfc062723c751e8b465ee728b)
Start importing Assets/Scripts/BoxMovement.cs using Guid(415126314ded1834bbffe1df565c26b0) Importer(815301076,1909f56bfc062723c751e8b465ee728b)  -> (artifact id: '0f8b407a61160b81065c7ebb7cd1f400') in 0.004490 seconds
  Import took 0.007738 seconds .

========================================================================
Received Prepare
Registering precompiled user dll's ...
Registered in 0.002235 seconds.
Begin MonoManager ReloadAssembly
Native extension for WindowsStandalone target not found
Refreshing native plugins compatible for Editor in 0.23 ms, found 0 plugins.
Preloading 0 native plugins for Editor in 0.00 ms.
Invoked RoslynAnalysisRunner static constructor.
RoslynAnalysisRunner will not be running.
RoslynAnalysisRunner has terminated.
Mono: successfully reloaded assembly
- Completed reload, in  0.931 seconds
Platform modules already initialized, skipping
Refreshing native plugins compatible for Editor in 0.40 ms, found 0 plugins.
Preloading 0 native plugins for Editor in 0.00 ms.
Unloading 1255 Unused Serialized files (Serialized files now loaded: 0)
System memory in use before: 76.7 MB.
System memory in use after: 76.8 MB.

Unloading 6 unused Assets to reduce memory usage. Loaded Objects now: 1743.
Total: 2.182400 ms (FindLiveObjects: 0.160700 ms CreateObjectMapping: 0.077800 ms MarkObjects: 1.851500 ms  DeleteObjects: 0.091000 ms)

========================================================================
Received Import Request.
  Time since last request: 5.582915 seconds.
  path: Assets/Game Objects/Box Creacher.prefab
  artifactKey: Guid(511d33cdbc37ac34f92d3cd385062550) Importer(815301076,1909f56bfc062723c751e8b465ee728b)
Start importing Assets/Game Objects/Box Creacher.prefab using Guid(511d33cdbc37ac34f92d3cd385062550) Importer(815301076,1909f56bfc062723c751e8b465ee728b)  -> (artifact id: '9ebeefe7a18aa6b22f445885b73d7a38') in 0.081389 seconds
  Import took 0.083968 seconds .

========================================================================
Received Import Request.
  Time since last request: 16.340659 seconds.
  path: Assets/Game Objects/Box Creacher.prefab
  artifactKey: Guid(511d33cdbc37ac34f92d3cd385062550) Importer(815301076,1909f56bfc062723c751e8b465ee728b)
Start importing Assets/Game Objects/Box Creacher.prefab using Guid(511d33cdbc37ac34f92d3cd385062550) Importer(815301076,1909f56bfc062723c751e8b465ee728b)  -> (artifact id: '252236f3553819d49de9ee4e96b0d05b') in 0.027274 seconds
  Import took 0.031721 seconds .

========================================================================
Received Prepare
Registering precompiled user dll's ...
Registered in 0.001191 seconds.
Begin MonoManager ReloadAssembly
Native extension for WindowsStandalone target not found
Refreshing native plugins compatible for Editor in 0.28 ms, found 0 plugins.
Preloading 0 native plugins for Editor in 0.00 ms.
Invoked RoslynAnalysisRunner static constructor.
RoslynAnalysisRunner will not be running.
RoslynAnalysisRunner has terminated.
Mono: successfully reloaded assembly
- Completed reload, in  1.799 seconds
Platform modules already initialized, skipping
Refreshing native plugins compatible for Editor in 1.42 ms, found 0 plugins.
Preloading 0 native plugins for Editor in 0.00 ms.
Unloading 1255 Unused Serialized files (Serialized files now loaded: 0)
System memory in use before: 76.7 MB.
System memory in use after: 76.8 MB.

Unloading 7 unused Assets to reduce memory usage. Loaded Objects now: 1747.
Total: 2.661400 ms (FindLiveObjects: 0.417800 ms CreateObjectMapping: 0.077700 ms MarkObjects: 2.073500 ms  DeleteObjects: 0.090200 ms)

========================================================================
Received Import Request.
  Time since last request: 47.985966 seconds.
  path: Assets/Game Objects/Box Creacher.prefab
  artifactKey: Guid(511d33cdbc37ac34f92d3cd385062550) Importer(815301076,1909f56bfc062723c751e8b465ee728b)
Start importing Assets/Game Objects/Box Creacher.prefab using Guid(511d33cdbc37ac34f92d3cd385062550) Importer(815301076,1909f56bfc062723c751e8b465ee728b)  -> (artifact id: '97a649c00992c79979629521a97b8eda') in 0.092154 seconds
  Import took 0.095611 seconds .

========================================================================
Received Prepare
Registering precompiled user dll's ...
Registered in 0.001443 seconds.
Begin MonoManager ReloadAssembly
Native extension for WindowsStandalone target not found
Refreshing native plugins compatible for Editor in 0.26 ms, found 0 plugins.
Preloading 0 native plugins for Editor in 0.00 ms.
Invoked RoslynAnalysisRunner static constructor.
RoslynAnalysisRunner will not be running.
RoslynAnalysisRunner has terminated.
Mono: successfully reloaded assembly
- Completed reload, in  0.938 seconds
Platform modules already initialized, skipping
Refreshing native plugins compatible for Editor in 0.34 ms, found 0 plugins.
Preloading 0 native plugins for Editor in 0.00 ms.
Unloading 1255 Unused Serialized files (Serialized files now loaded: 0)
System memory in use before: 76.7 MB.
System memory in use after: 76.8 MB.

Unloading 7 unused Assets to reduce memory usage. Loaded Objects now: 1751.
Total: 3.230500 ms (FindLiveObjects: 0.333900 ms CreateObjectMapping: 0.083100 ms MarkObjects: 2.689100 ms  DeleteObjects: 0.122600 ms)

========================================================================
Received Prepare
Registering precompiled user dll's ...
Registered in 0.001613 seconds.
Begin MonoManager ReloadAssembly
Native extension for WindowsStandalone target not found
Refreshing native plugins compatible for Editor in 0.24 ms, found 0 plugins.
Preloading 0 native plugins for Editor in 0.00 ms.
Invoked RoslynAnalysisRunner static constructor.
RoslynAnalysisRunner will not be running.
RoslynAnalysisRunner has terminated.
Mono: successfully reloaded assembly
- Completed reload, in  1.028 seconds
Platform modules already initialized, skipping
Refreshing native plugins compatible for Editor in 0.31 ms, found 0 plugins.
Preloading 0 native plugins for Editor in 0.00 ms.
Unloading 1255 Unused Serialized files (Serialized files now loaded: 0)
System memory in use before: 76.7 MB.
System memory in use after: 76.8 MB.

Unloading 6 unused Assets to reduce memory usage. Loaded Objects now: 1754.
Total: 2.166400 ms (FindLiveObjects: 0.208400 ms CreateObjectMapping: 0.081800 ms MarkObjects: 1.808000 ms  DeleteObjects: 0.066900 ms)

========================================================================
Received Prepare
Registering precompiled user dll's ...
Registered in 0.001884 seconds.
Begin MonoManager ReloadAssembly
Native extension for WindowsStandalone target not found
Refreshing native plugins compatible for Editor in 0.23 ms, found 0 plugins.
Preloading 0 native plugins for Editor in 0.00 ms.
Invoked RoslynAnalysisRunner static constructor.
RoslynAnalysisRunner will not be running.
RoslynAnalysisRunner has terminated.
Mono: successfully reloaded assembly
- Completed reload, in  1.085 seconds
Platform modules already initialized, skipping
Refreshing native plugins compatible for Editor in 0.34 ms, found 0 plugins.
Preloading 0 native plugins for Editor in 0.00 ms.
Unloading 1255 Unused Serialized files (Serialized files now loaded: 0)
System memory in use before: 76.7 MB.
System memory in use after: 76.8 MB.

Unloading 6 unused Assets to reduce memory usage. Loaded Objects now: 1757.
Total: 3.154000 ms (FindLiveObjects: 0.304200 ms CreateObjectMapping: 0.151800 ms MarkObjects: 2.633300 ms  DeleteObjects: 0.063200 ms)

========================================================================
Received Prepare
Registering precompiled user dll's ...
Registered in 0.002256 seconds.
Begin MonoManager ReloadAssembly
Native extension for WindowsStandalone target not found
Refreshing native plugins compatible for Editor in 0.24 ms, found 0 plugins.
Preloading 0 native plugins for Editor in 0.00 ms.
Invoked RoslynAnalysisRunner static constructor.
RoslynAnalysisRunner will not be running.
RoslynAnalysisRunner has terminated.
Mono: successfully reloaded assembly
- Completed reload, in  0.905 seconds
Platform modules already initialized, skipping
Refreshing native plugins compatible for Editor in 0.21 ms, found 0 plugins.
Preloading 0 native plugins for Editor in 0.00 ms.
Unloading 1255 Unused Serialized files (Serialized files now loaded: 0)
System memory in use before: 76.7 MB.
System memory in use after: 76.8 MB.

Unloading 6 unused Assets to reduce memory usage. Loaded Objects now: 1760.
Total: 2.599300 ms (FindLiveObjects: 0.210900 ms CreateObjectMapping: 0.059500 ms MarkObjects: 2.243300 ms  DeleteObjects: 0.084400 ms)

========================================================================
Received Prepare
Registering precompiled user dll's ...
Registered in 0.001377 seconds.
Begin MonoManager ReloadAssembly
Native extension for WindowsStandalone target not found
Refreshing native plugins compatible for Editor in 0.31 ms, found 0 plugins.
Preloading 0 native plugins for Editor in 0.00 ms.
Invoked RoslynAnalysisRunner static constructor.
RoslynAnalysisRunner will not be running.
RoslynAnalysisRunner has terminated.
Mono: successfully reloaded assembly
- Completed reload, in  1.011 seconds
Platform modules already initialized, skipping
Refreshing native plugins compatible for Editor in 0.50 ms, found 0 plugins.
Preloading 0 native plugins for Editor in 0.00 ms.
Unloading 1255 Unused Serialized files (Serialized files now loaded: 0)
System memory in use before: 76.7 MB.
System memory in use after: 76.8 MB.

Unloading 6 unused Assets to reduce memory usage. Loaded Objects now: 1763.
Total: 3.398000 ms (FindLiveObjects: 0.356300 ms CreateObjectMapping: 0.087800 ms MarkObjects: 2.849200 ms  DeleteObjects: 0.103100 ms)

========================================================================
Received Import Request.
  Time since last request: 795.869859 seconds.
  path: Assets/Game Objects/Box Creacher.prefab
  artifactKey: Guid(511d33cdbc37ac34f92d3cd385062550) Importer(815301076,1909f56bfc062723c751e8b465ee728b)
Start importing Assets/Game Objects/Box Creacher.prefab using Guid(511d33cdbc37ac34f92d3cd385062550) Importer(815301076,1909f56bfc062723c751e8b465ee728b)  -> (artifact id: '6f7e175447b52853e14fc7809a5dec28') in 0.068792 seconds
  Import took 0.071154 seconds .

========================================================================
Received Import Request.
  Time since last request: 11.414566 seconds.
  path: Assets/Game Objects/Camera.prefab
  artifactKey: Guid(b0498bc2aab4b3347ba7d5136bc0047b) Importer(815301076,1909f56bfc062723c751e8b465ee728b)
Start importing Assets/Game Objects/Camera.prefab using Guid(b0498bc2aab4b3347ba7d5136bc0047b) Importer(815301076,1909f56bfc062723c751e8b465ee728b)  -> (artifact id: '2c1ce8547406fb54b86512f0d2c381b1') in 0.045116 seconds
  Import took 0.048496 seconds .

========================================================================
Received Import Request.
  Time since last request: 0.001989 seconds.
  path: Assets/Game Objects/Camera.prefab
  artifactKey: Guid(b0498bc2aab4b3347ba7d5136bc0047b) Importer(815301076,1909f56bfc062723c751e8b465ee728b)
Start importing Assets/Game Objects/Camera.prefab using Guid(b0498bc2aab4b3347ba7d5136bc0047b) Importer(815301076,1909f56bfc062723c751e8b465ee728b)  -> (artifact id: '2c1ce8547406fb54b86512f0d2c381b1') in 0.008831 seconds
  Import took 0.012774 seconds .

========================================================================
Received Import Request.
  Time since last request: 7.840115 seconds.
  path: Assets/Game Objects/Box Creacher.prefab
  artifactKey: Guid(511d33cdbc37ac34f92d3cd385062550) Importer(815301076,1909f56bfc062723c751e8b465ee728b)
Start importing Assets/Game Objects/Box Creacher.prefab using Guid(511d33cdbc37ac34f92d3cd385062550) Importer(815301076,1909f56bfc062723c751e8b465ee728b)  -> (artifact id: 'd7a5c4cb08d373280115eee05bdf9075') in 0.015650 seconds
  Import took 0.018232 seconds .

========================================================================
Received Import Request.
  Time since last request: 11.800508 seconds.
  path: Assets/Game Objects/Box Creacher.prefab
  artifactKey: Guid(511d33cdbc37ac34f92d3cd385062550) Importer(815301076,1909f56bfc062723c751e8b465ee728b)
Start importing Assets/Game Objects/Box Creacher.prefab using Guid(511d33cdbc37ac34f92d3cd385062550) Importer(815301076,1909f56bfc062723c751e8b465ee728b)  -> (artifact id: '8cb4798d12e79f49277b94b83c88075d') in 0.026348 seconds
  Import took 0.029818 seconds .

========================================================================
Received Prepare
Registering precompiled user dll's ...
Registered in 0.003141 seconds.
Begin MonoManager ReloadAssembly
Native extension for WindowsStandalone target not found
Refreshing native plugins compatible for Editor in 0.28 ms, found 0 plugins.
Preloading 0 native plugins for Editor in 0.00 ms.
Invoked RoslynAnalysisRunner static constructor.
RoslynAnalysisRunner will not be running.
RoslynAnalysisRunner has terminated.
Mono: successfully reloaded assembly
- Completed reload, in  1.697 seconds
Platform modules already initialized, skipping
Refreshing native plugins compatible for Editor in 0.74 ms, found 0 plugins.
Preloading 0 native plugins for Editor in 0.00 ms.
Unloading 1255 Unused Serialized files (Serialized files now loaded: 0)
System memory in use before: 76.8 MB.
System memory in use after: 76.9 MB.

Unloading 7 unused Assets to reduce memory usage. Loaded Objects now: 1767.
Total: 3.434300 ms (FindLiveObjects: 0.193100 ms CreateObjectMapping: 0.068400 ms MarkObjects: 3.064500 ms  DeleteObjects: 0.106300 ms)

========================================================================
Received Import Request.
  Time since last request: 58.315913 seconds.
  path: Assets/Game Objects/Box Creacher.prefab
  artifactKey: Guid(511d33cdbc37ac34f92d3cd385062550) Importer(815301076,1909f56bfc062723c751e8b465ee728b)
Start importing Assets/Game Objects/Box Creacher.prefab using Guid(511d33cdbc37ac34f92d3cd385062550) Importer(815301076,1909f56bfc062723c751e8b465ee728b)  -> (artifact id: '13d982086aeda03769cf0e4214841899') in 0.101145 seconds
  Import took 0.105310 seconds .

========================================================================
Received Import Request.
  Time since last request: 6.235697 seconds.
  path: Assets/Game Objects/Box Creacher.prefab
  artifactKey: Guid(511d33cdbc37ac34f92d3cd385062550) Importer(815301076,1909f56bfc062723c751e8b465ee728b)
Start importing Assets/Game Objects/Box Creacher.prefab using Guid(511d33cdbc37ac34f92d3cd385062550) Importer(815301076,1909f56bfc062723c751e8b465ee728b)  -> (artifact id: '861e262e6a3cf62d85ccce04cf20c249') in 0.017709 seconds
  Import took 0.021882 seconds .

========================================================================
Received Prepare
Registering precompiled user dll's ...
Registered in 0.002915 seconds.
Begin MonoManager ReloadAssembly
Native extension for WindowsStandalone target not found
Refreshing native plugins compatible for Editor in 0.31 ms, found 0 plugins.
Preloading 0 native plugins for Editor in 0.00 ms.
Invoked RoslynAnalysisRunner static constructor.
RoslynAnalysisRunner will not be running.
RoslynAnalysisRunner has terminated.
Mono: successfully reloaded assembly
- Completed reload, in  1.674 seconds
Platform modules already initialized, skipping
Refreshing native plugins compatible for Editor in 0.25 ms, found 0 plugins.
Preloading 0 native plugins for Editor in 0.00 ms.
Unloading 1255 Unused Serialized files (Serialized files now loaded: 0)
System memory in use before: 76.8 MB.
System memory in use after: 76.9 MB.

Unloading 7 unused Assets to reduce memory usage. Loaded Objects now: 1771.
Total: 2.285500 ms (FindLiveObjects: 0.198700 ms CreateObjectMapping: 0.061900 ms MarkObjects: 1.918700 ms  DeleteObjects: 0.104400 ms)

AssetImportWorkerClient::OnTransportError - code=2 error=End of file
