Using pre-set license
Built from '2020.3/staging' branch; Version is '2020.3.0f1 (c7b5465681fb) revision 13088070'; Using compiler version '192528614'; Build Type 'Release'
OS: 'Windows 10 Home; OS build 19042.1526; Version 2009; 64bit' Language: 'en' Physical Memory: 12169 MB
BatchMode: 1, IsHumanControllingUs: 0, StartBugReporterOnCrash: 0, Is64bit: 1, IsPro: 0

 COMMAND LINE ARGUMENTS:
D:\Program Files\2020.3.0f1\Editor\Unity.exe
-adb2
-batchMode
-noUpm
-name
AssetImportWorker0
-projectPath
D:/GitHub/Sneaky-Box/Sneaky Box
-logFile
Logs/AssetImportWorker0.log
-srvPort
60472
Successfully changed project path to: D:/GitHub/Sneaky-Box/Sneaky Box
D:/GitHub/Sneaky-Box/Sneaky Box
Using Asset Import Pipeline V2.
Refreshing native plugins compatible for Editor in 43.45 ms, found 0 plugins.
Preloading 0 native plugins for Editor in 0.00 ms.
Initialize engine version: 2020.3.0f1 (c7b5465681fb)
[Subsystems] Discovering subsystems at path D:/Program Files/2020.3.0f1/Editor/Data/Resources/UnitySubsystems
[Subsystems] Discovering subsystems at path D:/GitHub/Sneaky-Box/Sneaky Box/Assets
GfxDevice: creating device client; threaded=0
Direct3D:
    Version:  Direct3D 11.0 [level 11.1]
    Renderer: NVIDIA GeForce MX150 (ID=0x1d10)
    Vendor:   
    VRAM:     4027 MB
    Driver:   30.0.14.7219
Initialize mono
Mono path[0] = 'D:/Program Files/2020.3.0f1/Editor/Data/Managed'
Mono path[1] = 'D:/Program Files/2020.3.0f1/Editor/Data/MonoBleedingEdge/lib/mono/unityjit'
Mono config path = 'D:/Program Files/2020.3.0f1/Editor/Data/MonoBleedingEdge/etc'
Using monoOptions --debugger-agent=transport=dt_socket,embedding=1,server=y,suspend=n,address=127.0.0.1:56568
Begin MonoManager ReloadAssembly
Registering precompiled unity dll's ...
Register platform support module: D:/Program Files/2020.3.0f1/Editor/Data/PlaybackEngines/WindowsStandaloneSupport/UnityEditor.WindowsStandalone.Extensions.dll
Registered in 0.010785 seconds.
Native extension for WindowsStandalone target not found
Refreshing native plugins compatible for Editor in 33.92 ms, found 0 plugins.
Preloading 0 native plugins for Editor in 0.00 ms.
Invoked RoslynAnalysisRunner static constructor.
RoslynAnalysisRunner will not be running.
RoslynAnalysisRunner has terminated.
Mono: successfully reloaded assembly
- Completed reload, in  2.022 seconds
Platform modules already initialized, skipping
Registering precompiled user dll's ...
Registered in 0.008349 seconds.
Begin MonoManager ReloadAssembly
Native extension for WindowsStandalone target not found
Refreshing native plugins compatible for Editor in 0.22 ms, found 0 plugins.
Preloading 0 native plugins for Editor in 0.00 ms.
Invoked RoslynAnalysisRunner static constructor.
RoslynAnalysisRunner will not be running.
RoslynAnalysisRunner has terminated.
Mono: successfully reloaded assembly
- Completed reload, in  1.246 seconds
Platform modules already initialized, skipping
========================================================================
Worker process is ready to serve import requests
Launched and connected shader compiler UnityShaderCompiler.exe after 0.12 seconds
Refreshing native plugins compatible for Editor in 0.38 ms, found 0 plugins.
Preloading 0 native plugins for Editor in 0.00 ms.
Unloading 1114 Unused Serialized files (Serialized files now loaded: 0)
System memory in use before: 68.6 MB.
System memory in use after: 68.7 MB.

Unloading 10 unused Assets to reduce memory usage. Loaded Objects now: 1571.
Total: 3.635800 ms (FindLiveObjects: 0.305400 ms CreateObjectMapping: 0.095600 ms MarkObjects: 3.105300 ms  DeleteObjects: 0.126800 ms)

========================================================================
Received Import Request.
  path: Assets/Game Objects/Box Creacher.prefab
  artifactKey: Guid(511d33cdbc37ac34f92d3cd385062550) Importer(815301076,1909f56bfc062723c751e8b465ee728b)
Start importing Assets/Game Objects/Box Creacher.prefab using Guid(511d33cdbc37ac34f92d3cd385062550) Importer(815301076,1909f56bfc062723c751e8b465ee728b)  -> (artifact id: '454263a5d29065df23aa423b4a07c144') in 0.407395 seconds
  Import took 0.429186 seconds .

========================================================================
Received Import Request.
  Time since last request: 30.772381 seconds.
  path: Assets/Game Objects/Box Creacher.prefab
  artifactKey: Guid(511d33cdbc37ac34f92d3cd385062550) Importer(815301076,1909f56bfc062723c751e8b465ee728b)
Start importing Assets/Game Objects/Box Creacher.prefab using Guid(511d33cdbc37ac34f92d3cd385062550) Importer(815301076,1909f56bfc062723c751e8b465ee728b)  -> (artifact id: 'ad2d31b57dde090f59987f1bf1efb5e3') in 0.038976 seconds
  Import took 0.054040 seconds .

========================================================================
Received Import Request.
  Time since last request: 6.552571 seconds.
  path: Assets/Game Objects/Box Creacher.prefab
  artifactKey: Guid(511d33cdbc37ac34f92d3cd385062550) Importer(815301076,1909f56bfc062723c751e8b465ee728b)
Start importing Assets/Game Objects/Box Creacher.prefab using Guid(511d33cdbc37ac34f92d3cd385062550) Importer(815301076,1909f56bfc062723c751e8b465ee728b)  -> (artifact id: '7028d3fe919806d1ee655cca022b966b') in 0.019809 seconds
  Import took 0.026439 seconds .

========================================================================
Received Import Request.
  Time since last request: 10.644949 seconds.
  path: Assets/Game Objects/Box Creacher.prefab
  artifactKey: Guid(511d33cdbc37ac34f92d3cd385062550) Importer(815301076,1909f56bfc062723c751e8b465ee728b)
Start importing Assets/Game Objects/Box Creacher.prefab using Guid(511d33cdbc37ac34f92d3cd385062550) Importer(815301076,1909f56bfc062723c751e8b465ee728b)  -> (artifact id: 'a2720b1639953a2e6c7c5828d7b43d87') in 0.017844 seconds
  Import took 0.025938 seconds .

========================================================================
Received Import Request.
  Time since last request: 7.248223 seconds.
  path: Assets/Game Objects/Box Creacher.prefab
  artifactKey: Guid(511d33cdbc37ac34f92d3cd385062550) Importer(815301076,1909f56bfc062723c751e8b465ee728b)
Start importing Assets/Game Objects/Box Creacher.prefab using Guid(511d33cdbc37ac34f92d3cd385062550) Importer(815301076,1909f56bfc062723c751e8b465ee728b)  -> (artifact id: '14acc6953fa9bf381d962e387ece30d2') in 0.018711 seconds
  Import took 0.021723 seconds .

========================================================================
Received Import Request.
  Time since last request: 4.047078 seconds.
  path: Assets/Game Objects/Box Creacher.prefab
  artifactKey: Guid(511d33cdbc37ac34f92d3cd385062550) Importer(815301076,1909f56bfc062723c751e8b465ee728b)
Start importing Assets/Game Objects/Box Creacher.prefab using Guid(511d33cdbc37ac34f92d3cd385062550) Importer(815301076,1909f56bfc062723c751e8b465ee728b)  -> (artifact id: '30a6040195c732a8fbe1dff8766fff10') in 0.017541 seconds
  Import took 0.035807 seconds .

========================================================================
Received Import Request.
  Time since last request: 10.476159 seconds.
  path: Assets/Game Objects/Box Creacher.prefab
  artifactKey: Guid(511d33cdbc37ac34f92d3cd385062550) Importer(815301076,1909f56bfc062723c751e8b465ee728b)
Start importing Assets/Game Objects/Box Creacher.prefab using Guid(511d33cdbc37ac34f92d3cd385062550) Importer(815301076,1909f56bfc062723c751e8b465ee728b)  -> (artifact id: 'b2dbbbb0dbc8fde9675deeee44237012') in 0.019296 seconds
  Import took 0.022384 seconds .

========================================================================
Received Import Request.
  Time since last request: 3.805965 seconds.
  path: Assets/Game Objects/Box Creacher.prefab
  artifactKey: Guid(511d33cdbc37ac34f92d3cd385062550) Importer(815301076,1909f56bfc062723c751e8b465ee728b)
Start importing Assets/Game Objects/Box Creacher.prefab using Guid(511d33cdbc37ac34f92d3cd385062550) Importer(815301076,1909f56bfc062723c751e8b465ee728b)  -> (artifact id: '4e08dce90eb29d9552facb599d2e3b05') in 0.018999 seconds
  Import took 0.022068 seconds .

========================================================================
Received Import Request.
  Time since last request: 6.461778 seconds.
  path: Assets/Game Objects/Box Creacher.prefab
  artifactKey: Guid(511d33cdbc37ac34f92d3cd385062550) Importer(815301076,1909f56bfc062723c751e8b465ee728b)
Start importing Assets/Game Objects/Box Creacher.prefab using Guid(511d33cdbc37ac34f92d3cd385062550) Importer(815301076,1909f56bfc062723c751e8b465ee728b)  -> (artifact id: '080cf2d30a899455908065005dca15c2') in 0.019378 seconds
  Import took 0.032787 seconds .

========================================================================
Received Import Request.
  Time since last request: 6.999684 seconds.
  path: Assets/Game Objects/Box Creacher.prefab
  artifactKey: Guid(511d33cdbc37ac34f92d3cd385062550) Importer(815301076,1909f56bfc062723c751e8b465ee728b)
Start importing Assets/Game Objects/Box Creacher.prefab using Guid(511d33cdbc37ac34f92d3cd385062550) Importer(815301076,1909f56bfc062723c751e8b465ee728b)  -> (artifact id: '9a88658059e90a72a47466c454c4d234') in 0.029723 seconds
  Import took 0.050918 seconds .

========================================================================
Received Prepare
Registering precompiled user dll's ...
Registered in 0.001721 seconds.
Begin MonoManager ReloadAssembly
Native extension for WindowsStandalone target not found
Refreshing native plugins compatible for Editor in 0.23 ms, found 0 plugins.
Preloading 0 native plugins for Editor in 0.00 ms.
Invalid AssetDatabase path: /Editor/EditorResources/cm_logo_sm.png. Use path relative to the project folder.
UnityEngine.StackTraceUtility:ExtractStackTrace ()
UnityEditor.AssetDatabase:LoadAssetAtPath<UnityEngine.Texture2D> (string)
Cinemachine.Editor.CinemachineSettings:get_CinemachineLogoTexture () (at Library/PackageCache/com.unity.cinemachine@2.6.11/Editor/Windows/CinemachineSettings.cs:205)
Cinemachine.Editor.CinemachineSettings:.cctor () (at Library/PackageCache/com.unity.cinemachine@2.6.11/Editor/Windows/CinemachineSettings.cs:237)
Cinemachine.CinemachineColliderPrefs:.cctor () (at Library/PackageCache/com.unity.cinemachine@2.6.11/Editor/Windows/CinemachineColliderPrefs.cs:61)
System.Runtime.CompilerServices.RuntimeHelpers:RunClassConstructor (System.RuntimeTypeHandle)
UnityEditor.EditorAssemblies:ProcessInitializeOnLoadAttributes (System.Type[])

[Library/PackageCache/com.unity.cinemachine@2.6.11/Editor/Windows/CinemachineSettings.cs line 205]

Invoked RoslynAnalysisRunner static constructor.
RoslynAnalysisRunner will not be running.
RoslynAnalysisRunner has terminated.
Mono: successfully reloaded assembly
- Completed reload, in  1.029 seconds
Platform modules already initialized, skipping
Refreshing native plugins compatible for Editor in 0.25 ms, found 0 plugins.
Preloading 0 native plugins for Editor in 0.00 ms.
Unloading 1256 Unused Serialized files (Serialized files now loaded: 0)
System memory in use before: 76.6 MB.
System memory in use after: 76.7 MB.

Unloading 7 unused Assets to reduce memory usage. Loaded Objects now: 1729.
Total: 8.165500 ms (FindLiveObjects: 0.506100 ms CreateObjectMapping: 0.212400 ms MarkObjects: 7.145900 ms  DeleteObjects: 0.294700 ms)

========================================================================
Received Import Request.
  Time since last request: 1614.862491 seconds.
  path: Assets/Game Objects/Box Creacher.prefab
  artifactKey: Guid(511d33cdbc37ac34f92d3cd385062550) Importer(815301076,1909f56bfc062723c751e8b465ee728b)
Start importing Assets/Game Objects/Box Creacher.prefab using Guid(511d33cdbc37ac34f92d3cd385062550) Importer(815301076,1909f56bfc062723c751e8b465ee728b)  -> (artifact id: '9b2ef701701a3dede563cc1e02c19ee7') in 0.103697 seconds
  Import took 0.106844 seconds .

========================================================================
Received Prepare
Registering precompiled user dll's ...
Registered in 0.001160 seconds.
Begin MonoManager ReloadAssembly
Native extension for WindowsStandalone target not found
Refreshing native plugins compatible for Editor in 0.23 ms, found 0 plugins.
Preloading 0 native plugins for Editor in 0.00 ms.
Invoked RoslynAnalysisRunner static constructor.
RoslynAnalysisRunner will not be running.
RoslynAnalysisRunner has terminated.
Mono: successfully reloaded assembly
- Completed reload, in  0.938 seconds
Platform modules already initialized, skipping
Refreshing native plugins compatible for Editor in 0.40 ms, found 0 plugins.
Preloading 0 native plugins for Editor in 0.00 ms.
Unloading 1257 Unused Serialized files (Serialized files now loaded: 0)
System memory in use before: 76.8 MB.
System memory in use after: 76.8 MB.

Unloading 8 unused Assets to reduce memory usage. Loaded Objects now: 1734.
Total: 2.280200 ms (FindLiveObjects: 0.437000 ms CreateObjectMapping: 0.135700 ms MarkObjects: 1.594500 ms  DeleteObjects: 0.110400 ms)

AssetImportWorkerClient::OnTransportError - code=2 error=End of file
